支付宝请求参数: {"trade_no":"20260327191716765","money":"0.01","ordername":"\u6d4b\u8bd5"}支付宝qrPay结果: {}支付宝响应状态: SUCCESS支付宝响应数据: stdClass Object
(
    [code] => 10000
    [msg] => Success
    [out_trade_no] => 20260327191716765
    [qr_code] => https://qr.alipay.com/bax08101icobf5pardpe55db
)
支付宝请求参数: {"trade_no":"20260327194139963","money":"0.01","ordername":"\u6d4b\u8bd5"}支付宝qrPay结果: {}支付宝响应状态: SUCCESS支付宝响应数据: stdClass Object
(
    [code] => 10000
    [msg] => Success
    [out_trade_no] => 20260327194139963
    [qr_code] => https://qr.alipay.com/bax07237m2oqg6g91o2l30fa
)
支付宝请求参数: {"trade_no":"20260327194407210","money":"0.01","ordername":"\u6d4b\u8bd5"}支付宝qrPay结果: {}支付宝响应状态: SUCCESS支付宝响应数据: stdClass Object
(
    [code] => 10000
    [msg] => Success
    [out_trade_no] => 20260327194407210
    [qr_code] => https://qr.alipay.com/bax06965h1aqfhpiszon3015
)
支付宝请求参数: {"trade_no":"20260327194921633","money":"0.01","ordername":"\u6d4b\u8bd5"}支付宝qrPay结果: {}支付宝响应状态: SUCCESS支付宝响应数据: stdClass Object
(
    [code] => 10000
    [msg] => Success
    [out_trade_no] => 20260327194921633
    [qr_code] => https://qr.alipay.com/bax05197znxvvrx9l03n558a
)
支付宝请求参数: {"trade_no":"20260327201219381","money":"0.01","ordername":"\u6d4b\u8bd5"}支付宝qrPay结果: {}支付宝响应状态: SUCCESS支付宝响应数据: stdClass Object
(
    [code] => 10000
    [msg] => Success
    [out_trade_no] => 20260327201219381
    [qr_code] => https://qr.alipay.com/bax033025breab9nzkow00c1
)
支付宝请求参数: {"trade_no":"20260328102738912","money":"1","ordername":"\u6d4b\u8bd5"}支付宝qrPay结果: {}支付宝响应状态: SUCCESS支付宝响应数据: stdClass Object
(
    [code] => 10000
    [msg] => Success
    [out_trade_no] => 20260328102738912
    [qr_code] => https://qr.alipay.com/bax03045pyy8vge5v59b85bc
)
支付宝请求参数: {"trade_no":"20260328102738912","money":"1","ordername":"\u6d4b\u8bd5"}支付宝qrPay结果: {}支付宝响应状态: SUCCESS支付宝响应数据: stdClass Object
(
    [code] => 10000
    [msg] => Success
    [out_trade_no] => 20260328102738912
    [qr_code] => https://qr.alipay.com/bax09242hkykgp6e7c1o85c2
)
支付宝请求参数: {"trade_no":"20260328102828836","money":"0.01","ordername":"\u6d4b\u8bd5"}支付宝qrPay结果: {}支付宝响应状态: SUCCESS支付宝响应数据: stdClass Object
(
    [code] => 10000
    [msg] => Success
    [out_trade_no] => 20260328102828836
    [qr_code] => https://qr.alipay.com/bax02568gwflz4z3xyk0559f
)
支付宝请求参数: {"trade_no":"20260328111342155","money":"0.01","ordername":"\u6d4b\u8bd5"}支付宝qrPay结果: {}支付宝响应状态: SUCCESS支付宝响应数据: stdClass Object
(
    [code] => 10000
    [msg] => Success
    [out_trade_no] => 20260328111342155
    [qr_code] => https://qr.alipay.com/bax06201yo7drsrygv9555e7
)
